<?xml version="1.0" encoding="UTF-8"?>
<!-- Generated by org.testng.reporters.JUnitReportReporter -->
<testsuite skipped="0" hostname="DESKTOP-R5NTEQT" name="com.letskodeit.testclass.AllCourseTest" tests="1" failures="0" timestamp="25 Feb 2021 09:52:39 GMT" time="31.812" errors="0">
  <testcase name="verifySearchCourse" time="31.812" classname="com.letskodeit.testclass.AllCourseTest"/>
</testsuite> <!-- com.letskodeit.testclass.AllCourseTest -->
